<?xml version="1.0" encoding="UTF-8"?>
<!-- Generated by org.testng.reporters.JUnitReportReporter -->
<testsuite hostname="SAGARZ" name="Test2" tests="1" failures="0" timestamp="1 Apr 2015 05:50:35 GMT" time="0.001" errors="0">
  <testcase name="test2" time="0.001" classname="Test2"/>
</testsuite> <!-- Test2 -->
